Performing C SOURCE FILE Test CMAKE_HAVE_LIBC_PTHREAD failed with the following output:
Change Dir: /home/smart/Projects/ros_ws/build/CMakeFiles/CMakeTmp

Run Build Command(s):/usr/bin/make cmTC_5eafa/fast && /usr/bin/make -f CMakeFiles/cmTC_5eafa.dir/build.make CMakeFiles/cmTC_5eafa.dir/build
make[1]: Entering directory '/home/smart/Projects/ros_ws/build/CMakeFiles/CMakeTmp'
Building C object CMakeFiles/cmTC_5eafa.dir/src.c.o
/usr/bin/cc   -DCMAKE_HAVE_LIBC_PTHREAD   -o CMakeFiles/cmTC_5eafa.dir/src.c.o   -c /home/smart/Projects/ros_ws/build/CMakeFiles/CMakeTmp/src.c
Linking C executable cmTC_5eafa
/usr/bin/cmake -E cmake_link_script CMakeFiles/cmTC_5eafa.dir/link.txt --verbose=1
/usr/bin/cc  -DCMAKE_HAVE_LIBC_PTHREAD    -rdynamic CMakeFiles/cmTC_5eafa.dir/src.c.o  -o cmTC_5eafa 
/usr/bin/ld: CMakeFiles/cmTC_5eafa.dir/src.c.o: in function `main':
src.c:(.text+0x46): undefined reference to `pthread_create'
/usr/bin/ld: src.c:(.text+0x52): undefined reference to `pthread_detach'
/usr/bin/ld: src.c:(.text+0x63): undefined reference to `pthread_join'
collect2: error: ld returned 1 exit status
make[1]: *** [CMakeFiles/cmTC_5eafa.dir/build.make:87: cmTC_5eafa] Error 1
make[1]: Leaving directory '/home/smart/Projects/ros_ws/build/CMakeFiles/CMakeTmp'
make: *** [Makefile:121: cmTC_5eafa/fast] Error 2


Source file was:
#include <pthread.h>

void* test_func(void* data)
{
  return data;
}

int main(void)
{
  pthread_t thread;
  pthread_create(&thread, NULL, test_func, NULL);
  pthread_detach(thread);
  pthread_join(thread, NULL);
  pthread_atfork(NULL, NULL, NULL);
  pthread_exit(NULL);

  return 0;
}

Determining if the function pthread_create exists in the pthreads failed with the following output:
Change Dir: /home/smart/Projects/ros_ws/build/CMakeFiles/CMakeTmp

Run Build Command(s):/usr/bin/make cmTC_1bcad/fast && /usr/bin/make -f CMakeFiles/cmTC_1bcad.dir/build.make CMakeFiles/cmTC_1bcad.dir/build
make[1]: Entering directory '/home/smart/Projects/ros_ws/build/CMakeFiles/CMakeTmp'
Building C object CMakeFiles/cmTC_1bcad.dir/CheckFunctionExists.c.o
/usr/bin/cc   -DCHECK_FUNCTION_EXISTS=pthread_create   -o CMakeFiles/cmTC_1bcad.dir/CheckFunctionExists.c.o   -c /usr/share/cmake-3.16/Modules/CheckFunctionExists.c
Linking C executable cmTC_1bcad
/usr/bin/cmake -E cmake_link_script CMakeFiles/cmTC_1bcad.dir/link.txt --verbose=1
/usr/bin/cc  -DCHECK_FUNCTION_EXISTS=pthread_create    -rdynamic CMakeFiles/cmTC_1bcad.dir/CheckFunctionExists.c.o  -o cmTC_1bcad  -lpthreads 
/usr/bin/ld: cannot find -lpthreads
collect2: error: ld returned 1 exit status
make[1]: *** [CMakeFiles/cmTC_1bcad.dir/build.make:87: cmTC_1bcad] Error 1
make[1]: Leaving directory '/home/smart/Projects/ros_ws/build/CMakeFiles/CMakeTmp'
make: *** [Makefile:121: cmTC_1bcad/fast] Error 2



Determining if the function sgemm_ exists failed with the following output:
Change Dir: /home/smart/Projects/ros_ws/build/CMakeFiles/CMakeTmp

Run Build Command(s):/usr/bin/make cmTC_7dd3a/fast && /usr/bin/make -f CMakeFiles/cmTC_7dd3a.dir/build.make CMakeFiles/cmTC_7dd3a.dir/build
make[1]: Entering directory '/home/smart/Projects/ros_ws/build/CMakeFiles/CMakeTmp'
Building C object CMakeFiles/cmTC_7dd3a.dir/CheckFunctionExists.c.o
/usr/bin/cc   -DCHECK_FUNCTION_EXISTS=sgemm_   -o CMakeFiles/cmTC_7dd3a.dir/CheckFunctionExists.c.o   -c /usr/share/cmake-3.16/Modules/CheckFunctionExists.c
Linking C executable cmTC_7dd3a
/usr/bin/cmake -E cmake_link_script CMakeFiles/cmTC_7dd3a.dir/link.txt --verbose=1
/usr/bin/cc  -DCHECK_FUNCTION_EXISTS=sgemm_    CMakeFiles/cmTC_7dd3a.dir/CheckFunctionExists.c.o  -o cmTC_7dd3a 
/usr/bin/ld: CMakeFiles/cmTC_7dd3a.dir/CheckFunctionExists.c.o: in function `main':
CheckFunctionExists.c:(.text+0x14): undefined reference to `sgemm_'
collect2: error: ld returned 1 exit status
make[1]: *** [CMakeFiles/cmTC_7dd3a.dir/build.make:87: cmTC_7dd3a] Error 1
make[1]: Leaving directory '/home/smart/Projects/ros_ws/build/CMakeFiles/CMakeTmp'
make: *** [Makefile:121: cmTC_7dd3a/fast] Error 2



